0 info it worked if it ends with ok
1 verbose cli [ 'c:\\Program Files (x86)\\Meteor\\bin\\node.exe',
1 verbose cli   'c:\\Program Files (x86)\\Meteor\\bin\\node_modules\\npm\\bin\\npm-cli.js',
1 verbose cli   'install',
1 verbose cli   'BracketHighlighter' ]
2 info using npm@1.1.62
3 info using node@v0.8.11
4 verbose read json c:\users\Albert\Dropbox\Github\data-analytics\package.json
5 verbose read json c:\users\Albert\Dropbox\Github\data-analytics\package.json
6 verbose cache add [ 'BracketHighlighter', null ]
7 silly cache add name=undefined spec="BracketHighlighter" args=["BracketHighlighter",null]
8 verbose parsed url { pathname: 'BracketHighlighter',
8 verbose parsed url   path: 'BracketHighlighter',
8 verbose parsed url   href: 'BracketHighlighter' }
9 silly lockFile f0f484f1-BracketHighlighter BracketHighlighter
10 verbose lock BracketHighlighter C:\Users\Albert\AppData\Roaming\npm-cache\f0f484f1-BracketHighlighter.lock
11 silly lockFile f0f484f1-BracketHighlighter BracketHighlighter
12 verbose addNamed [ 'BracketHighlighter', '' ]
13 verbose addNamed [ null, '' ]
14 silly lockFile d66b7e31-BracketHighlighter BracketHighlighter@
15 verbose lock BracketHighlighter@ C:\Users\Albert\AppData\Roaming\npm-cache\d66b7e31-BracketHighlighter.lock
16 silly addNameRange { name: 'BracketHighlighter', range: '', hasData: false }
17 verbose url raw BracketHighlighter
18 verbose url resolving [ 'https://registry.npmjs.org/', './BracketHighlighter' ]
19 verbose url resolved https://registry.npmjs.org/BracketHighlighter
20 info trying registry request attempt 1 at 18:56:08
21 http GET https://registry.npmjs.org/BracketHighlighter
22 http 404 https://registry.npmjs.org/BracketHighlighter
23 silly registry.get cb [ 404,
23 silly registry.get   { server: 'CouchDB/1.2.1 (Erlang OTP/R15B)',
23 silly registry.get     date: 'Wed, 06 Feb 2013 02:54:23 GMT',
23 silly registry.get     'content-type': 'application/json',
23 silly registry.get     'content-length': '52',
23 silly registry.get     'cache-control': 'must-revalidate' } ]
24 silly lockFile d66b7e31-BracketHighlighter BracketHighlighter@
25 error 404 'BracketHighlighter' is not in the npm registry.
25 error 404 You should bug the author to publish it
25 error 404
25 error 404 Note that you can also install from a
25 error 404 tarball, folder, or http url, or git url.
26 error System Windows_NT 6.1.7601
27 error command "c:\\Program Files (x86)\\Meteor\\bin\\node.exe" "c:\\Program Files (x86)\\Meteor\\bin\\node_modules\\npm\\bin\\npm-cli.js" "install" "BracketHighlighter"
28 error cwd c:\users\Albert\Dropbox\Github\data-analytics
29 error node -v v0.8.11
30 error npm -v 1.1.62
31 error code E404
32 verbose exit [ 1, true ]
